<?xml version="1.0" encoding="UTF-8"?>
<!-- Generated by org.testng.reporters.JUnitReportReporter -->
<testsuite hostname="DESKTOP-FUGQNF4" failures="0" tests="1" name="TestCases.EbayAdvancedSearch" time="7.928" errors="0" timestamp="2025-01-14T22:30:56 IST" skipped="0">
  <testcase classname="TestCases.EbayAdvancedSearch" name="advancedSearchOption" time="7.928"/>
</testsuite> <!-- TestCases.EbayAdvancedSearch -->
